0 verbose cli /data/data/com.termux/files/usr/bin/node /data/data/com.termux/files/usr/bin/npm
1 info using npm@9.2.0
2 info using node@v19.4.0
3 timing npm:load:whichnode Completed in 2ms
4 timing config:load:defaults Completed in 7ms
5 timing config:load:file:/data/data/com.termux/files/usr/lib/node_modules/npm/npmrc Completed in 2ms
6 timing config:load:builtin Completed in 3ms
7 timing config:load:cli Completed in 5ms
8 timing config:load:env Completed in 1ms
9 timing config:load:project Completed in 7ms
10 timing config:load:file:/data/data/com.termux/files/home/.npmrc Completed in 4ms
11 timing config:load:user Completed in 6ms
12 timing config:load:file:/data/data/com.termux/files/usr/etc/npmrc Completed in 1ms
13 timing config:load:global Completed in 2ms
14 timing config:load:setEnvs Completed in 4ms
15 timing config:load Completed in 38ms
16 timing npm:load:configload Completed in 38ms
17 timing npm:load:mkdirpcache Completed in 1ms
18 timing npm:load:mkdirplogs Completed in 1ms
19 verbose title npm i express
20 verbose argv "i" "express"
21 timing npm:load:setTitle Completed in 5ms
22 timing config:load:flatten Completed in 12ms
23 timing npm:load:display Completed in 15ms
24 verbose logfile logs-max:10 dir:/data/data/com.termux/files/home/.npm/_logs/2023-02-02T14_15_31_254Z-
25 verbose logfile /data/data/com.termux/files/home/.npm/_logs/2023-02-02T14_15_31_254Z-debug-0.log
26 timing npm:load:logFile Completed in 19ms
27 timing npm:load:timers Completed in 0ms
28 timing npm:load:configScope Completed in 0ms
29 timing npm:load Completed in 85ms
30 silly logfile done cleaning log files
31 timing config:load:flatten Completed in 2ms
32 timing arborist:ctor Completed in 3ms
33 timing arborist:ctor Completed in 1ms
34 timing idealTree:init Completed in 50ms
35 timing idealTree:userRequests Completed in 13ms
36 silly idealTree buildDeps
37 silly fetch manifest express@*
38 http fetch GET 200 https://registry.npmjs.org/express 3715ms (cache miss)
39 silly placeDep ROOT express@4.18.2 OK for:  want: *
40 silly fetch manifest accepts@~1.3.8
41 silly fetch manifest array-flatten@1.1.1
42 silly fetch manifest body-parser@1.20.1
43 silly fetch manifest content-disposition@0.5.4
44 silly fetch manifest content-type@~1.0.4
45 silly fetch manifest cookie@0.5.0
46 silly fetch manifest cookie-signature@1.0.6
47 silly fetch manifest debug@2.6.9
48 silly fetch manifest depd@2.0.0
49 silly fetch manifest encodeurl@~1.0.2
50 silly fetch manifest escape-html@~1.0.3
51 silly fetch manifest etag@~1.8.1
52 silly fetch manifest finalhandler@1.2.0
53 silly fetch manifest fresh@0.5.2
54 silly fetch manifest http-errors@2.0.0
55 silly fetch manifest merge-descriptors@1.0.1
56 silly fetch manifest methods@~1.1.2
57 silly fetch manifest on-finished@2.4.1
58 silly fetch manifest parseurl@~1.3.3
59 silly fetch manifest path-to-regexp@0.1.7
60 silly fetch manifest proxy-addr@~2.0.7
61 silly fetch manifest qs@6.11.0
62 silly fetch manifest range-parser@~1.2.1
63 silly fetch manifest safe-buffer@5.2.1
64 silly fetch manifest send@0.18.0
65 silly fetch manifest serve-static@1.15.0
66 silly fetch manifest setprototypeof@1.2.0
67 silly fetch manifest statuses@2.0.1
68 silly fetch manifest type-is@~1.6.18
69 silly fetch manifest utils-merge@1.0.1
70 silly fetch manifest vary@~1.1.2
71 http fetch GET 200 https://registry.npmjs.org/accepts 1080ms (cache miss)
72 http fetch GET 200 https://registry.npmjs.org/content-type 1539ms (cache miss)
73 http fetch GET 200 https://registry.npmjs.org/depd 1843ms (cache miss)
74 http fetch GET 200 https://registry.npmjs.org/array-flatten 2175ms (cache miss)
75 http fetch GET 200 https://registry.npmjs.org/http-errors 2145ms (cache miss)
76 http fetch GET 200 https://registry.npmjs.org/merge-descriptors 2153ms (cache miss)
77 http fetch GET 200 https://registry.npmjs.org/encodeurl 2506ms (cache miss)
78 http fetch GET 200 https://registry.npmjs.org/methods 2525ms (cache miss)
79 http fetch GET 200 https://registry.npmjs.org/fresh 2964ms (cache miss)
80 http fetch GET 200 https://registry.npmjs.org/on-finished 3589ms (cache miss)
81 http fetch GET 200 https://registry.npmjs.org/etag 3815ms (cache miss)
82 http fetch GET 200 https://registry.npmjs.org/content-disposition 4133ms (cache miss)
83 http fetch GET 200 https://registry.npmjs.org/cookie 4138ms (cache miss)
84 http fetch GET 200 https://registry.npmjs.org/cookie-signature 6287ms (cache miss)
85 http fetch GET 200 https://registry.npmjs.org/serve-static 6762ms (cache miss)
86 http fetch GET 200 https://registry.npmjs.org/parseurl 7240ms (cache miss)
87 http fetch GET 200 https://registry.npmjs.org/send 7231ms (cache miss)
88 http fetch GET 200 https://registry.npmjs.org/escape-html 7274ms (cache miss)
89 http fetch GET 200 https://registry.npmjs.org/path-to-regexp 7258ms (cache miss)
90 http fetch GET 200 https://registry.npmjs.org/finalhandler 7329ms (cache miss)
91 http fetch GET 200 https://registry.npmjs.org/utils-merge 7469ms (cache miss)
92 http fetch GET 200 https://registry.npmjs.org/safe-buffer 7546ms (cache miss)
93 http fetch GET 200 https://registry.npmjs.org/proxy-addr 7616ms (cache miss)
94 http fetch GET 200 https://registry.npmjs.org/type-is 7721ms (cache miss)
95 http fetch GET 200 https://registry.npmjs.org/npm 11926ms (cache miss)
96 http fetch GET 200 https://registry.npmjs.org/vary 7933ms (cache miss)
97 http fetch GET 200 https://registry.npmjs.org/range-parser 8212ms (cache miss)
98 http fetch GET 200 https://registry.npmjs.org/debug 8489ms (cache miss)
99 http fetch GET 200 https://registry.npmjs.org/setprototypeof 8598ms (cache miss)
100 http fetch GET 200 https://registry.npmjs.org/statuses 8767ms (cache miss)
101 http fetch GET 200 https://registry.npmjs.org/qs 10570ms (cache miss)
102 http fetch GET 200 https://registry.npmjs.org/body-parser 12001ms (cache miss)
103 timing idealTree:#root Completed in 15835ms
104 silly placeDep ROOT accepts@1.3.8 OK for: express@4.18.2 want: ~1.3.8
105 silly placeDep ROOT array-flatten@1.1.1 OK for: express@4.18.2 want: 1.1.1
106 silly placeDep ROOT body-parser@1.20.1 OK for: express@4.18.2 want: 1.20.1
107 silly placeDep ROOT content-disposition@0.5.4 OK for: express@4.18.2 want: 0.5.4
108 silly placeDep ROOT content-type@1.0.5 OK for: express@4.18.2 want: ~1.0.4
109 silly placeDep ROOT cookie@0.5.0 OK for: express@4.18.2 want: 0.5.0
110 silly placeDep ROOT cookie-signature@1.0.6 OK for: express@4.18.2 want: 1.0.6
111 silly placeDep ROOT debug@2.6.9 OK for: express@4.18.2 want: 2.6.9
112 silly placeDep ROOT depd@2.0.0 OK for: express@4.18.2 want: 2.0.0
113 silly placeDep ROOT encodeurl@1.0.2 OK for: express@4.18.2 want: ~1.0.2
114 silly placeDep ROOT escape-html@1.0.3 OK for: express@4.18.2 want: ~1.0.3
115 silly placeDep ROOT etag@1.8.1 OK for: express@4.18.2 want: ~1.8.1
116 silly placeDep ROOT finalhandler@1.2.0 OK for: express@4.18.2 want: 1.2.0
117 silly placeDep ROOT fresh@0.5.2 OK for: express@4.18.2 want: 0.5.2
118 silly placeDep ROOT http-errors@2.0.0 OK for: express@4.18.2 want: 2.0.0
119 silly placeDep ROOT merge-descriptors@1.0.1 OK for: express@4.18.2 want: 1.0.1
120 silly placeDep ROOT methods@1.1.2 OK for: express@4.18.2 want: ~1.1.2
121 silly placeDep ROOT on-finished@2.4.1 OK for: express@4.18.2 want: 2.4.1
122 silly placeDep ROOT parseurl@1.3.3 OK for: express@4.18.2 want: ~1.3.3
123 silly placeDep ROOT path-to-regexp@0.1.7 OK for: express@4.18.2 want: 0.1.7
124 silly placeDep ROOT proxy-addr@2.0.7 OK for: express@4.18.2 want: ~2.0.7
125 silly placeDep ROOT qs@6.11.0 OK for: express@4.18.2 want: 6.11.0
126 silly placeDep ROOT range-parser@1.2.1 OK for: express@4.18.2 want: ~1.2.1
127 silly placeDep ROOT safe-buffer@5.2.1 OK for: express@4.18.2 want: 5.2.1
128 silly placeDep ROOT send@0.18.0 OK for: express@4.18.2 want: 0.18.0
129 silly placeDep ROOT serve-static@1.15.0 OK for: express@4.18.2 want: 1.15.0
130 silly placeDep ROOT setprototypeof@1.2.0 OK for: express@4.18.2 want: 1.2.0
131 silly placeDep ROOT statuses@2.0.1 OK for: express@4.18.2 want: 2.0.1
132 silly placeDep ROOT type-is@1.6.18 OK for: express@4.18.2 want: ~1.6.18
133 silly placeDep ROOT utils-merge@1.0.1 OK for: express@4.18.2 want: 1.0.1
134 silly placeDep ROOT vary@1.1.2 OK for: express@4.18.2 want: ~1.1.2
135 silly fetch manifest mime-types@~2.1.34
136 silly fetch manifest negotiator@0.6.3
137 silly fetch manifest bytes@3.1.2
138 silly fetch manifest destroy@1.2.0
139 silly fetch manifest iconv-lite@0.4.24
140 silly fetch manifest raw-body@2.5.1
141 silly fetch manifest unpipe@1.0.0
142 silly fetch manifest ms@2.0.0
143 silly fetch manifest unpipe@~1.0.0
144 silly fetch manifest inherits@2.0.4
145 silly fetch manifest toidentifier@1.0.1
146 silly fetch manifest ee-first@1.1.1
147 silly fetch manifest forwarded@0.2.0
148 silly fetch manifest ipaddr.js@1.9.1
149 silly fetch manifest side-channel@^1.0.4
150 silly fetch manifest mime@1.6.0
151 silly fetch manifest ms@2.1.3
152 silly fetch manifest media-typer@0.3.0
153 silly fetch manifest mime-types@~2.1.24
154 http fetch GET 200 https://registry.npmjs.org/unpipe 554ms (cache miss)
155 http fetch GET 200 https://registry.npmjs.org/unpipe 564ms (cache miss)
156 http fetch GET 200 https://registry.npmjs.org/inherits 801ms (cache miss)
157 http fetch GET 200 https://registry.npmjs.org/toidentifier 802ms (cache miss)
158 http fetch GET 200 https://registry.npmjs.org/ee-first 890ms (cache miss)
159 http fetch GET 200 https://registry.npmjs.org/forwarded 890ms (cache miss)
160 http fetch GET 200 https://registry.npmjs.org/side-channel 992ms (cache miss)
161 http fetch GET 200 https://registry.npmjs.org/raw-body 1126ms (cache miss)
162 http fetch GET 200 https://registry.npmjs.org/ms 1129ms (cache miss)
163 http fetch GET 200 https://registry.npmjs.org/negotiator 1359ms (cache miss)
164 http fetch GET 200 https://registry.npmjs.org/destroy 1506ms (cache miss)
165 http fetch GET 200 https://registry.npmjs.org/bytes 1511ms (cache miss)
166 http fetch GET 200 https://registry.npmjs.org/ms 1660ms (cache miss)
167 http fetch GET 200 https://registry.npmjs.org/media-typer 1669ms (cache miss)
168 http fetch GET 200 https://registry.npmjs.org/mime-types 1701ms (cache miss)
169 http fetch GET 200 https://registry.npmjs.org/mime-types 1850ms (cache miss)
170 http fetch GET 200 https://registry.npmjs.org/ipaddr.js 1945ms (cache miss)
171 http fetch GET 200 https://registry.npmjs.org/mime 1955ms (cache miss)
172 http fetch GET 200 https://registry.npmjs.org/iconv-lite 2861ms (cache miss)
173 timing idealTree:node_modules/express Completed in 3103ms
174 silly placeDep ROOT mime-types@2.1.35 OK for: accepts@1.3.8 want: ~2.1.34
175 silly placeDep ROOT negotiator@0.6.3 OK for: accepts@1.3.8 want: 0.6.3
176 silly fetch manifest mime-db@1.52.0
177 http fetch GET 200 https://registry.npmjs.org/mime-db 4294ms (cache miss)
178 timing idealTree:node_modules/accepts Completed in 4329ms
179 timing idealTree:node_modules/array-flatten Completed in 0ms
180 silly placeDep ROOT bytes@3.1.2 OK for: body-parser@1.20.1 want: 3.1.2
181 silly placeDep ROOT destroy@1.2.0 OK for: body-parser@1.20.1 want: 1.2.0
182 silly placeDep ROOT iconv-lite@0.4.24 OK for: body-parser@1.20.1 want: 0.4.24
183 silly placeDep ROOT raw-body@2.5.1 OK for: body-parser@1.20.1 want: 2.5.1
184 silly placeDep ROOT unpipe@1.0.0 OK for: body-parser@1.20.1 want: 1.0.0
185 silly fetch manifest safer-buffer@>= 2.1.2 < 3
186 http fetch GET 200 https://registry.npmjs.org/safer-buffer 590ms (cache miss)
187 timing idealTree:node_modules/body-parser Completed in 635ms
188 timing idealTree:node_modules/bytes Completed in 0ms
189 timing idealTree:node_modules/content-disposition Completed in 0ms
190 timing idealTree:node_modules/content-type Completed in 0ms
191 timing idealTree:node_modules/cookie Completed in 0ms
192 timing idealTree:node_modules/cookie-signature Completed in 0ms
193 silly placeDep ROOT ms@2.0.0 OK for: debug@2.6.9 want: 2.0.0
194 timing idealTree:node_modules/debug Completed in 9ms
195 timing idealTree:node_modules/depd Completed in 0ms
196 timing idealTree:node_modules/destroy Completed in 0ms
197 timing idealTree:node_modules/encodeurl Completed in 0ms
198 timing idealTree:node_modules/escape-html Completed in 0ms
199 timing idealTree:node_modules/etag Completed in 0ms
200 timing idealTree:node_modules/finalhandler Completed in 0ms
201 timing idealTree:node_modules/fresh Completed in 0ms
202 silly placeDep ROOT inherits@2.0.4 OK for: http-errors@2.0.0 want: 2.0.4
203 silly placeDep ROOT toidentifier@1.0.1 OK for: http-errors@2.0.0 want: 1.0.1
204 timing idealTree:node_modules/http-errors Completed in 12ms
205 silly placeDep ROOT safer-buffer@2.1.2 OK for: iconv-lite@0.4.24 want: >= 2.1.2 < 3
206 timing idealTree:node_modules/iconv-lite Completed in 8ms
207 timing idealTree:node_modules/inherits Completed in 0ms
208 timing idealTree:node_modules/merge-descriptors Completed in 0ms
209 timing idealTree:node_modules/methods Completed in 0ms
210 silly placeDep ROOT mime-db@1.52.0 OK for: mime-types@2.1.35 want: 1.52.0
211 timing idealTree:node_modules/mime-types Completed in 7ms
212 timing idealTree:node_modules/mime-db Completed in 0ms
213 timing idealTree:node_modules/ms Completed in 0ms
214 timing idealTree:node_modules/negotiator Completed in 0ms
215 silly placeDep ROOT ee-first@1.1.1 OK for: on-finished@2.4.1 want: 1.1.1
216 timing idealTree:node_modules/on-finished Completed in 8ms
217 timing idealTree:node_modules/ee-first Completed in 0ms
218 timing idealTree:node_modules/parseurl Completed in 0ms
219 timing idealTree:node_modules/path-to-regexp Completed in 0ms
220 silly placeDep ROOT forwarded@0.2.0 OK for: proxy-addr@2.0.7 want: 0.2.0
221 silly placeDep ROOT ipaddr.js@1.9.1 OK for: proxy-addr@2.0.7 want: 1.9.1
222 timing idealTree:node_modules/proxy-addr Completed in 15ms
223 timing idealTree:node_modules/forwarded Completed in 0ms
224 timing idealTree:node_modules/ipaddr.js Completed in 1ms
225 silly placeDep ROOT side-channel@1.0.4 OK for: qs@6.11.0 want: ^1.0.4
226 silly fetch manifest call-bind@^1.0.0
227 silly fetch manifest get-intrinsic@^1.0.2
228 silly fetch manifest object-inspect@^1.9.0
229 http fetch GET 200 https://registry.npmjs.org/call-bind 813ms (cache miss)
230 http fetch GET 200 https://registry.npmjs.org/get-intrinsic 1269ms (cache miss)
231 http fetch GET 200 https://registry.npmjs.org/object-inspect 2205ms (cache miss)
232 timing idealTree:node_modules/qs Completed in 2237ms
233 timing idealTree:node_modules/range-parser Completed in 1ms
234 timing idealTree:node_modules/raw-body Completed in 1ms
235 timing idealTree:node_modules/safe-buffer Completed in 1ms
236 timing idealTree:node_modules/safer-buffer Completed in 0ms
237 silly placeDep ROOT mime@1.6.0 OK for: send@0.18.0 want: 1.6.0
238 silly placeDep node_modules/send ms@2.1.3 OK for: send@0.18.0 want: 2.1.3
239 timing idealTree:node_modules/send Completed in 25ms
240 timing idealTree:node_modules/mime Completed in 0ms
241 timing idealTree:node_modules/serve-static Completed in 0ms
242 timing idealTree:node_modules/setprototypeof Completed in 1ms
243 silly placeDep ROOT call-bind@1.0.2 OK for: side-channel@1.0.4 want: ^1.0.0
244 silly placeDep ROOT get-intrinsic@1.2.0 OK for: side-channel@1.0.4 want: ^1.0.2
245 silly placeDep ROOT object-inspect@1.12.3 OK for: side-channel@1.0.4 want: ^1.9.0
246 silly fetch manifest function-bind@^1.1.1
247 silly fetch manifest has@^1.0.3
248 silly fetch manifest has-symbols@^1.0.3
249 http fetch GET 200 https://registry.npmjs.org/has 453ms (cache miss)
250 http fetch GET 200 https://registry.npmjs.org/has-symbols 842ms (cache miss)
251 http fetch GET 200 https://registry.npmjs.org/function-bind 870ms (cache miss)
252 timing idealTree:node_modules/side-channel Completed in 896ms
253 silly placeDep ROOT function-bind@1.1.1 OK for: call-bind@1.0.2 want: ^1.1.1
254 timing idealTree:node_modules/call-bind Completed in 11ms
255 timing idealTree:node_modules/function-bind Completed in 0ms
256 silly placeDep ROOT has@1.0.3 OK for: get-intrinsic@1.2.0 want: ^1.0.3
257 silly placeDep ROOT has-symbols@1.0.3 OK for: get-intrinsic@1.2.0 want: ^1.0.3
258 timing idealTree:node_modules/get-intrinsic Completed in 18ms
259 timing idealTree:node_modules/has Completed in 0ms
260 timing idealTree:node_modules/has-symbols Completed in 0ms
261 timing idealTree:node_modules/object-inspect Completed in 0ms
262 timing idealTree:node_modules/statuses Completed in 0ms
263 timing idealTree:node_modules/toidentifier Completed in 0ms
264 silly placeDep ROOT media-typer@0.3.0 OK for: type-is@1.6.18 want: 0.3.0
265 timing idealTree:node_modules/type-is Completed in 7ms
266 timing idealTree:node_modules/media-typer Completed in 0ms
267 timing idealTree:node_modules/unpipe Completed in 0ms
268 timing idealTree:node_modules/utils-merge Completed in 0ms
269 timing idealTree:node_modules/vary Completed in 0ms
270 timing idealTree:node_modules/send/node_modules/ms Completed in 0ms
271 timing idealTree:buildDeps Completed in 27198ms
272 timing idealTree:fixDepFlags Completed in 8ms
273 timing idealTree Completed in 27290ms
274 timing reify:loadTrees Completed in 27294ms
275 timing reify:diffTrees Completed in 11ms
276 silly reify moves {}
277 timing reify:retireShallow Completed in 4ms
278 timing reify:createSparse Completed in 22ms
279 timing reify:loadBundles Completed in 0ms
280 silly tarball no local data for function-bind@https://registry.npmjs.org/function-bind/-/function-bind-1.1.1.tgz. Extracting by manifest.
281 silly tarball no local data for has@https://registry.npmjs.org/has/-/has-1.0.3.tgz. Extracting by manifest.
282 silly tarball no local data for has-symbols@https://registry.npmjs.org/has-symbols/-/has-symbols-1.0.3.tgz. Extracting by manifest.
283 silly tarball no local data for object-inspect@https://registry.npmjs.org/object-inspect/-/object-inspect-1.12.3.tgz. Extracting by manifest.
284 silly tarball no local data for get-intrinsic@https://registry.npmjs.org/get-intrinsic/-/get-intrinsic-1.2.0.tgz. Extracting by manifest.
285 silly tarball no local data for call-bind@https://registry.npmjs.org/call-bind/-/call-bind-1.0.2.tgz. Extracting by manifest.
286 silly tarball no local data for mime@https://registry.npmjs.org/mime/-/mime-1.6.0.tgz. Extracting by manifest.
287 silly tarball no local data for side-channel@https://registry.npmjs.org/side-channel/-/side-channel-1.0.4.tgz. Extracting by manifest.
288 silly tarball no local data for ipaddr.js@https://registry.npmjs.org/ipaddr.js/-/ipaddr.js-1.9.1.tgz. Extracting by manifest.
289 silly tarball no local data for media-typer@https://registry.npmjs.org/media-typer/-/media-typer-0.3.0.tgz. Extracting by manifest.
290 silly tarball no local data for ee-first@https://registry.npmjs.org/ee-first/-/ee-first-1.1.1.tgz. Extracting by manifest.
291 silly tarball no local data for forwarded@https://registry.npmjs.org/forwarded/-/forwarded-0.2.0.tgz. Extracting by manifest.
292 silly tarball no local data for mime-db@https://registry.npmjs.org/mime-db/-/mime-db-1.52.0.tgz. Extracting by manifest.
293 silly tarball no local data for toidentifier@https://registry.npmjs.org/toidentifier/-/toidentifier-1.0.1.tgz. Extracting by manifest.
294 silly tarball no local data for inherits@https://registry.npmjs.org/inherits/-/inherits-2.0.4.tgz. Extracting by manifest.
295 silly tarball no local data for unpipe@https://registry.npmjs.org/unpipe/-/unpipe-1.0.0.tgz. Extracting by manifest.
296 silly tarball no local data for raw-body@https://registry.npmjs.org/raw-body/-/raw-body-2.5.1.tgz. Extracting by manifest.
297 silly tarball no local data for iconv-lite@https://registry.npmjs.org/iconv-lite/-/iconv-lite-0.4.24.tgz. Extracting by manifest.
298 silly tarball no local data for destroy@https://registry.npmjs.org/destroy/-/destroy-1.2.0.tgz. Extracting by manifest.
299 silly tarball no local data for bytes@https://registry.npmjs.org/bytes/-/bytes-3.1.2.tgz. Extracting by manifest.
300 silly tarball no local data for negotiator@https://registry.npmjs.org/negotiator/-/negotiator-0.6.3.tgz. Extracting by manifest.
301 silly tarball no local data for ms@https://registry.npmjs.org/ms/-/ms-2.0.0.tgz. Extracting by manifest.
302 silly tarball no local data for mime-types@https://registry.npmjs.org/mime-types/-/mime-types-2.1.35.tgz. Extracting by manifest.
303 silly tarball no local data for vary@https://registry.npmjs.org/vary/-/vary-1.1.2.tgz. Extracting by manifest.
304 silly tarball no local data for utils-merge@https://registry.npmjs.org/utils-merge/-/utils-merge-1.0.1.tgz. Extracting by manifest.
305 silly tarball no local data for type-is@https://registry.npmjs.org/type-is/-/type-is-1.6.18.tgz. Extracting by manifest.
306 silly tarball no local data for statuses@https://registry.npmjs.org/statuses/-/statuses-2.0.1.tgz. Extracting by manifest.
307 silly tarball no local data for setprototypeof@https://registry.npmjs.org/setprototypeof/-/setprototypeof-1.2.0.tgz. Extracting by manifest.
308 silly tarball no local data for serve-static@https://registry.npmjs.org/serve-static/-/serve-static-1.15.0.tgz. Extracting by manifest.
309 silly tarball no local data for send@https://registry.npmjs.org/send/-/send-0.18.0.tgz. Extracting by manifest.
310 silly tarball no local data for safe-buffer@https://registry.npmjs.org/safe-buffer/-/safe-buffer-5.2.1.tgz. Extracting by manifest.
311 silly tarball no local data for range-parser@https://registry.npmjs.org/range-parser/-/range-parser-1.2.1.tgz. Extracting by manifest.
312 silly tarball no local data for qs@https://registry.npmjs.org/qs/-/qs-6.11.0.tgz. Extracting by manifest.
313 silly tarball no local data for proxy-addr@https://registry.npmjs.org/proxy-addr/-/proxy-addr-2.0.7.tgz. Extracting by manifest.
314 silly tarball no local data for path-to-regexp@https://registry.npmjs.org/path-to-regexp/-/path-to-regexp-0.1.7.tgz. Extracting by manifest.
315 silly tarball no local data for parseurl@https://registry.npmjs.org/parseurl/-/parseurl-1.3.3.tgz. Extracting by manifest.
316 silly tarball no local data for on-finished@https://registry.npmjs.org/on-finished/-/on-finished-2.4.1.tgz. Extracting by manifest.
317 silly tarball no local data for methods@https://registry.npmjs.org/methods/-/methods-1.1.2.tgz. Extracting by manifest.
318 silly tarball no local data for merge-descriptors@https://registry.npmjs.org/merge-descriptors/-/merge-descriptors-1.0.1.tgz. Extracting by manifest.
319 silly tarball no local data for http-errors@https://registry.npmjs.org/http-errors/-/http-errors-2.0.0.tgz. Extracting by manifest.
320 silly tarball no local data for fresh@https://registry.npmjs.org/fresh/-/fresh-0.5.2.tgz. Extracting by manifest.
321 silly tarball no local data for finalhandler@https://registry.npmjs.org/finalhandler/-/finalhandler-1.2.0.tgz. Extracting by manifest.
322 silly tarball no local data for etag@https://registry.npmjs.org/etag/-/etag-1.8.1.tgz. Extracting by manifest.
323 silly tarball no local data for depd@https://registry.npmjs.org/depd/-/depd-2.0.0.tgz. Extracting by manifest.
324 silly tarball no local data for escape-html@https://registry.npmjs.org/escape-html/-/escape-html-1.0.3.tgz. Extracting by manifest.
325 silly tarball no local data for debug@https://registry.npmjs.org/debug/-/debug-2.6.9.tgz. Extracting by manifest.
326 silly tarball no local data for encodeurl@https://registry.npmjs.org/encodeurl/-/encodeurl-1.0.2.tgz. Extracting by manifest.
327 silly tarball no local data for cookie@https://registry.npmjs.org/cookie/-/cookie-0.5.0.tgz. Extracting by manifest.
328 silly tarball no local data for body-parser@https://registry.npmjs.org/body-parser/-/body-parser-1.20.1.tgz. Extracting by manifest.
329 silly tarball no local data for safer-buffer@https://registry.npmjs.org/safer-buffer/-/safer-buffer-2.1.2.tgz. Extracting by manifest.
330 silly tarball no local data for cookie-signature@https://registry.npmjs.org/cookie-signature/-/cookie-signature-1.0.6.tgz. Extracting by manifest.
331 silly tarball no local data for array-flatten@https://registry.npmjs.org/array-flatten/-/array-flatten-1.1.1.tgz. Extracting by manifest.
332 silly tarball no local data for content-type@https://registry.npmjs.org/content-type/-/content-type-1.0.5.tgz. Extracting by manifest.
333 silly tarball no local data for content-disposition@https://registry.npmjs.org/content-disposition/-/content-disposition-0.5.4.tgz. Extracting by manifest.
334 silly tarball no local data for express@https://registry.npmjs.org/express/-/express-4.18.2.tgz. Extracting by manifest.
335 silly tarball no local data for ms@https://registry.npmjs.org/ms/-/ms-2.1.3.tgz. Extracting by manifest.
336 silly tarball no local data for accepts@https://registry.npmjs.org/accepts/-/accepts-1.3.8.tgz. Extracting by manifest.
337 http fetch GET 200 https://registry.npmjs.org/ee-first/-/ee-first-1.1.1.tgz 872ms (cache miss)
338 timing reifyNode:node_modules/ee-first Completed in 1026ms
339 http fetch GET 200 https://registry.npmjs.org/has/-/has-1.0.3.tgz 924ms (cache miss)
340 timing reifyNode:node_modules/has Completed in 1035ms
341 http fetch GET 200 https://registry.npmjs.org/media-typer/-/media-typer-0.3.0.tgz 884ms (cache miss)
342 timing reifyNode:node_modules/media-typer Completed in 1038ms
343 http fetch GET 200 https://registry.npmjs.org/mime/-/mime-1.6.0.tgz 926ms (cache miss)
344 timing reifyNode:node_modules/mime Completed in 1052ms
345 http fetch GET 200 https://registry.npmjs.org/inherits/-/inherits-2.0.4.tgz 894ms (cache miss)
346 timing reifyNode:node_modules/inherits Completed in 1060ms
347 http fetch GET 200 https://registry.npmjs.org/forwarded/-/forwarded-0.2.0.tgz 907ms (cache miss)
348 timing reifyNode:node_modules/forwarded Completed in 1063ms
349 http fetch GET 200 https://registry.npmjs.org/call-bind/-/call-bind-1.0.2.tgz 966ms (cache miss)
350 timing reifyNode:node_modules/call-bind Completed in 1090ms
351 http fetch GET 200 https://registry.npmjs.org/get-intrinsic/-/get-intrinsic-1.2.0.tgz 1035ms (cache miss)
352 timing reifyNode:node_modules/get-intrinsic Completed in 1160ms
353 http fetch GET 200 https://registry.npmjs.org/function-bind/-/function-bind-1.1.1.tgz 1127ms (cache miss)
354 timing reifyNode:node_modules/function-bind Completed in 1232ms
355 http fetch GET 200 https://registry.npmjs.org/raw-body/-/raw-body-2.5.1.tgz 1070ms (cache miss)
356 timing reifyNode:node_modules/raw-body Completed in 1243ms
357 http fetch GET 200 https://registry.npmjs.org/object-inspect/-/object-inspect-1.12.3.tgz 1176ms (cache miss)
358 timing reifyNode:node_modules/object-inspect Completed in 1292ms
359 http fetch GET 200 https://registry.npmjs.org/unpipe/-/unpipe-1.0.0.tgz 1156ms (cache miss)
360 timing reifyNode:node_modules/unpipe Completed in 1325ms
361 http fetch GET 200 https://registry.npmjs.org/utils-merge/-/utils-merge-1.0.1.tgz 1466ms (cache miss)
362 timing reifyNode:node_modules/utils-merge Completed in 1680ms
363 http fetch GET 200 https://registry.npmjs.org/destroy/-/destroy-1.2.0.tgz 1495ms (cache miss)
364 timing reifyNode:node_modules/destroy Completed in 1688ms
365 http fetch GET 200 https://registry.npmjs.org/mime-types/-/mime-types-2.1.35.tgz 1482ms (cache miss)
366 timing reifyNode:node_modules/mime-types Completed in 1688ms
367 http fetch GET 200 https://registry.npmjs.org/has-symbols/-/has-symbols-1.0.3.tgz 1587ms (cache miss)
368 http fetch GET 200 https://registry.npmjs.org/mime-db/-/mime-db-1.52.0.tgz 1539ms (cache miss)
369 timing reifyNode:node_modules/mime-db Completed in 1698ms
370 timing reifyNode:node_modules/has-symbols Completed in 1704ms
371 http fetch GET 200 https://registry.npmjs.org/bytes/-/bytes-3.1.2.tgz 1575ms (cache miss)
372 timing reifyNode:node_modules/bytes Completed in 1772ms
373 http fetch GET 200 https://registry.npmjs.org/negotiator/-/negotiator-0.6.3.tgz 1617ms (cache miss)
374 timing reifyNode:node_modules/negotiator Completed in 1817ms
375 http fetch GET 200 https://registry.npmjs.org/ms/-/ms-2.0.0.tgz 1617ms (cache miss)
376 timing reifyNode:node_modules/ms Completed in 1822ms
377 http fetch GET 200 https://registry.npmjs.org/type-is/-/type-is-1.6.18.tgz 1606ms (cache miss)
378 timing reifyNode:node_modules/type-is Completed in 1824ms
379 http fetch GET 200 https://registry.npmjs.org/vary/-/vary-1.1.2.tgz 1617ms (cache miss)
380 timing reifyNode:node_modules/vary Completed in 1827ms
381 http fetch GET 200 https://registry.npmjs.org/side-channel/-/side-channel-1.0.4.tgz 1719ms (cache miss)
382 timing reifyNode:node_modules/side-channel Completed in 1849ms
383 http fetch GET 200 https://registry.npmjs.org/setprototypeof/-/setprototypeof-1.2.0.tgz 1642ms (cache miss)
384 timing reifyNode:node_modules/setprototypeof Completed in 1874ms
385 http fetch GET 200 https://registry.npmjs.org/ipaddr.js/-/ipaddr.js-1.9.1.tgz 1925ms (cache miss)
386 timing reifyNode:node_modules/ipaddr.js Completed in 2059ms
387 http fetch GET 200 https://registry.npmjs.org/statuses/-/statuses-2.0.1.tgz 1862ms (cache miss)
388 timing reifyNode:node_modules/statuses Completed in 2083ms
389 http fetch GET 200 https://registry.npmjs.org/serve-static/-/serve-static-1.15.0.tgz 1879ms (cache miss)
390 timing reifyNode:node_modules/serve-static Completed in 2114ms
391 http fetch GET 200 https://registry.npmjs.org/path-to-regexp/-/path-to-regexp-0.1.7.tgz 2060ms (cache miss)
392 timing reifyNode:node_modules/path-to-regexp Completed in 2316ms
393 http fetch GET 200 https://registry.npmjs.org/send/-/send-0.18.0.tgz 2081ms (cache miss)
394 timing reifyNode:node_modules/send Completed in 2319ms
395 http fetch GET 200 https://registry.npmjs.org/safe-buffer/-/safe-buffer-5.2.1.tgz 2151ms (cache miss)
396 timing reifyNode:node_modules/safe-buffer Completed in 2393ms
397 http fetch GET 200 https://registry.npmjs.org/parseurl/-/parseurl-1.3.3.tgz 2139ms (cache miss)
398 timing reifyNode:node_modules/parseurl Completed in 2398ms
399 http fetch GET 200 https://registry.npmjs.org/toidentifier/-/toidentifier-1.0.1.tgz 2246ms (cache miss)
400 timing reifyNode:node_modules/toidentifier Completed in 2409ms
401 http fetch GET 200 https://registry.npmjs.org/range-parser/-/range-parser-1.2.1.tgz 2178ms (cache miss)
402 timing reifyNode:node_modules/range-parser Completed in 2424ms
403 http fetch GET 200 https://registry.npmjs.org/methods/-/methods-1.1.2.tgz 2147ms (cache miss)
404 timing reifyNode:node_modules/methods Completed in 2426ms
405 http fetch GET 200 https://registry.npmjs.org/on-finished/-/on-finished-2.4.1.tgz 2163ms (cache miss)
406 timing reifyNode:node_modules/on-finished Completed in 2438ms
407 http fetch GET 200 https://registry.npmjs.org/proxy-addr/-/proxy-addr-2.0.7.tgz 2190ms (cache miss)
408 timing reifyNode:node_modules/proxy-addr Completed in 2442ms
409 http fetch GET 200 https://registry.npmjs.org/qs/-/qs-6.11.0.tgz 2296ms (cache miss)
410 timing reifyNode:node_modules/qs Completed in 2545ms
411 http fetch GET 200 https://registry.npmjs.org/cookie-signature/-/cookie-signature-1.0.6.tgz 2385ms (cache miss)
412 timing reifyNode:node_modules/cookie-signature Completed in 2746ms
413 http fetch GET 200 https://registry.npmjs.org/array-flatten/-/array-flatten-1.1.1.tgz 2490ms (cache miss)
414 timing reifyNode:node_modules/array-flatten Completed in 2859ms
415 http fetch GET 200 https://registry.npmjs.org/finalhandler/-/finalhandler-1.2.0.tgz 2571ms (cache miss)
416 timing reifyNode:node_modules/finalhandler Completed in 2863ms
417 http fetch GET 200 https://registry.npmjs.org/http-errors/-/http-errors-2.0.0.tgz 2598ms (cache miss)
418 timing reifyNode:node_modules/http-errors Completed in 2884ms
419 http fetch GET 200 https://registry.npmjs.org/escape-html/-/escape-html-1.0.3.tgz 2584ms (cache miss)
420 timing reifyNode:node_modules/escape-html Completed in 2888ms
421 http fetch GET 200 https://registry.npmjs.org/safer-buffer/-/safer-buffer-2.1.2.tgz 2546ms (cache miss)
422 timing reifyNode:node_modules/safer-buffer Completed in 2903ms
423 http fetch GET 200 https://registry.npmjs.org/body-parser/-/body-parser-1.20.1.tgz 2587ms (cache miss)
424 timing reifyNode:node_modules/body-parser Completed in 2930ms
425 http fetch GET 200 https://registry.npmjs.org/encodeurl/-/encodeurl-1.0.2.tgz 2660ms (cache miss)
426 timing reifyNode:node_modules/encodeurl Completed in 2988ms
427 http fetch GET 200 https://registry.npmjs.org/merge-descriptors/-/merge-descriptors-1.0.1.tgz 2770ms (cache miss)
428 timing reifyNode:node_modules/merge-descriptors Completed in 3052ms
429 http fetch GET 200 https://registry.npmjs.org/etag/-/etag-1.8.1.tgz 2771ms (cache miss)
430 timing reifyNode:node_modules/etag Completed in 3067ms
431 http fetch GET 200 https://registry.npmjs.org/depd/-/depd-2.0.0.tgz 2802ms (cache miss)
432 timing reifyNode:node_modules/depd Completed in 3102ms
433 http fetch GET 200 https://registry.npmjs.org/cookie/-/cookie-0.5.0.tgz 2798ms (cache miss)
434 timing reifyNode:node_modules/cookie Completed in 3133ms
435 http fetch GET 200 https://registry.npmjs.org/iconv-lite/-/iconv-lite-0.4.24.tgz 3097ms (cache miss)
436 timing reifyNode:node_modules/iconv-lite Completed in 3286ms
437 http fetch GET 200 https://registry.npmjs.org/ms/-/ms-2.1.3.tgz 2881ms (cache miss)
438 timing reifyNode:node_modules/send/node_modules/ms Completed in 3286ms
439 http fetch GET 200 https://registry.npmjs.org/content-type/-/content-type-1.0.5.tgz 2925ms (cache miss)
440 timing reifyNode:node_modules/content-type Completed in 3314ms
441 http fetch GET 200 https://registry.npmjs.org/content-disposition/-/content-disposition-0.5.4.tgz 3057ms (cache miss)
442 timing reifyNode:node_modules/content-disposition Completed in 3450ms
443 http fetch GET 200 https://registry.npmjs.org/accepts/-/accepts-1.3.8.tgz 3246ms (cache miss)
444 timing reifyNode:node_modules/accepts Completed in 3651ms
445 http fetch GET 200 https://registry.npmjs.org/debug/-/debug-2.6.9.tgz 3338ms (cache miss)
446 timing reifyNode:node_modules/debug Completed in 3656ms
447 http fetch GET 200 https://registry.npmjs.org/fresh/-/fresh-0.5.2.tgz 3529ms (cache miss)
448 timing reifyNode:node_modules/fresh Completed in 3819ms
449 http fetch GET 200 https://registry.npmjs.org/express/-/express-4.18.2.tgz 4282ms (cache miss)
450 timing reifyNode:node_modules/express Completed in 4681ms
451 timing reify:unpack Completed in 4696ms
452 timing reify:unretire Completed in 4ms
453 timing build:queue Completed in 37ms
454 timing build:link:node_modules/mime Completed in 27ms
455 timing build:link Completed in 28ms
456 timing build:deps Completed in 70ms
457 timing build Completed in 74ms
458 timing reify:build Completed in 79ms
459 timing reify:trash Completed in 0ms
460 timing reify:save Completed in 94ms
461 timing reify Completed in 32436ms
462 silly ADD node_modules/media-typer
463 silly ADD node_modules/has-symbols
464 silly ADD node_modules/has
465 silly ADD node_modules/function-bind
466 silly ADD node_modules/object-inspect
467 silly ADD node_modules/get-intrinsic
468 silly ADD node_modules/call-bind
469 silly ADD node_modules/mime
470 silly ADD node_modules/side-channel
471 silly ADD node_modules/ipaddr.js
472 silly ADD node_modules/forwarded
473 silly ADD node_modules/ee-first
474 silly ADD node_modules/mime-db
475 silly ADD node_modules/safer-buffer
476 silly ADD node_modules/toidentifier
477 silly ADD node_modules/inherits
478 silly ADD node_modules/ms
479 silly ADD node_modules/unpipe
480 silly ADD node_modules/raw-body
481 silly ADD node_modules/iconv-lite
482 silly ADD node_modules/destroy
483 silly ADD node_modules/bytes
484 silly ADD node_modules/negotiator
485 silly ADD node_modules/mime-types
486 silly ADD node_modules/vary
487 silly ADD node_modules/utils-merge
488 silly ADD node_modules/type-is
489 silly ADD node_modules/statuses
490 silly ADD node_modules/setprototypeof
491 silly ADD node_modules/serve-static
492 silly ADD node_modules/send
493 silly ADD node_modules/send/node_modules/ms
494 silly ADD node_modules/safe-buffer
495 silly ADD node_modules/range-parser
496 silly ADD node_modules/qs
497 silly ADD node_modules/proxy-addr
498 silly ADD node_modules/path-to-regexp
499 silly ADD node_modules/parseurl
500 silly ADD node_modules/on-finished
501 silly ADD node_modules/methods
502 silly ADD node_modules/merge-descriptors
503 silly ADD node_modules/http-errors
504 silly ADD node_modules/fresh
505 silly ADD node_modules/finalhandler
506 silly ADD node_modules/etag
507 silly ADD node_modules/escape-html
508 silly ADD node_modules/encodeurl
509 silly ADD node_modules/depd
510 silly ADD node_modules/debug
511 silly ADD node_modules/cookie-signature
512 silly ADD node_modules/cookie
513 silly ADD node_modules/content-type
514 silly ADD node_modules/content-disposition
515 silly ADD node_modules/body-parser
516 silly ADD node_modules/array-flatten
517 silly ADD node_modules/accepts
518 silly ADD node_modules/express
519 timing command:i Completed in 32463ms
520 notice
520 notice New [33mminor[39m version of npm available! [31m9.2.0[39m -> [32m9.4.1[39m
520 notice Changelog: [36mhttps://github.com/npm/cli/releases/tag/v9.4.1[39m
520 notice Run [32mnpm install -g npm@9.4.1[39m to update!
520 notice
521 verbose exit 0
522 timing npm Completed in 32612ms
523 info ok
